<?xml version="1.0" encoding="UTF-8"?>
<testsuite xmlns:xsi="http://www.w3.org/2001/XMLSchema-instance" xsi:noNamespaceSchemaLocation="https://maven.apache.org/surefire/maven-surefire-plugin/xsd/surefire-test-report-3.0.xsd" version="3.0" name="edu.coursera.parallel.OneDimAveragingPhaserTest" time="30.965" tests="1" errors="0" skipped="0" failures="0">
  <properties>
[...]
</properties>
  <testcase name="testFuzzyBarrier" classname="edu.coursera.parallel.OneDimAveragingPhaserTest" time="30.935">
    <system-out><![CDATA[Fuzzy barrier parallel implementation ran 1.114146x faster than the barrier implementation
]]></system-out>
  </testcase>
</testsuite>