-------------------------------------------------------------------------------
Test set: edu.coursera.concurrent.ListSetTest
-------------------------------------------------------------------------------
Tests run: 6, Failures: 4, Errors: 0, Skipped: 0, Time elapsed: 5047 s <<< FAILURE! -- in edu.coursera.concurrent.ListSetTest
edu.coursera.concurrent.ListSetTest.testReadWriteLocksRandomSmall -- Time elapsed: 552.4 s <<< FAILURE!
junit.framework.AssertionFailedError: Expected add throughput improvement to be at least 0.500000x with read-write locks, but found 0.420984x
	at junit.framework.Assert.fail(Assert.java:57)
	at junit.framework.Assert.assertTrue(Assert.java:22)
	at junit.framework.TestCase.assertTrue(TestCase.java:192)
	at edu.coursera.concurrent.ListSetTest.testReadWriteLocksHelper(ListSetTest.java:219)
	at edu.coursera.concurrent.ListSetTest.testReadWriteLocksRandomSmall(ListSetTest.java:101)
	at java.base/jdk.internal.reflect.DirectMethodHandleAccessor.invoke(DirectMethodHandleAccessor.java:104)
	at java.base/java.lang.reflect.Method.invoke(Method.java:565)
	at junit.framework.TestCase.runTest(TestCase.java:177)
	at junit.framework.TestCase.runBare(TestCase.java:142)
	at junit.framework.TestResult$1.protect(TestResult.java:122)
	at junit.framework.TestResult.runProtected(TestResult.java:142)
	at junit.framework.TestResult.run(TestResult.java:125)
	at junit.framework.TestCase.run(TestCase.java:130)
	at junit.framework.TestSuite.runTest(TestSuite.java:241)
	at junit.framework.TestSuite.run(TestSuite.java:236)
	at org.junit.internal.runners.JUnit38ClassRunner.run(JUnit38ClassRunner.java:90)
	at org.apache.maven.surefire.junit4.JUnit4Provider.execute(JUnit4Provider.java:316)
	at org.apache.maven.surefire.junit4.JUnit4Provider.executeWithRerun(JUnit4Provider.java:240)
	at org.apache.maven.surefire.junit4.JUnit4Provider.executeTestSet(JUnit4Provider.java:214)
	at org.apache.maven.surefire.junit4.JUnit4Provider.invoke(JUnit4Provider.java:155)
	at org.apache.maven.surefire.booter.ForkedBooter.runSuitesInProcess(ForkedBooter.java:385)
	at org.apache.maven.surefire.booter.ForkedBooter.execute(ForkedBooter.java:162)
	at org.apache.maven.surefire.booter.ForkedBooter.run(ForkedBooter.java:507)
	at org.apache.maven.surefire.booter.ForkedBooter.main(ForkedBooter.java:495)

edu.coursera.concurrent.ListSetTest.testCoarseGrainedLockingRepeatingLarge -- Time elapsed: 535.3 s <<< FAILURE!
junit.framework.AssertionFailedError: Expected contains throughput to remain similar (at least 0.600000x) with locks, but found 0.413240x
	at junit.framework.Assert.fail(Assert.java:57)
	at junit.framework.Assert.assertTrue(Assert.java:22)
	at junit.framework.TestCase.assertTrue(TestCase.java:192)
	at edu.coursera.concurrent.ListSetTest.testCoarseGrainedLockingHelper(ListSetTest.java:177)
	at edu.coursera.concurrent.ListSetTest.testCoarseGrainedLockingRepeatingLarge(ListSetTest.java:69)
	at java.base/jdk.internal.reflect.DirectMethodHandleAccessor.invoke(DirectMethodHandleAccessor.java:104)
	at java.base/java.lang.reflect.Method.invoke(Method.java:565)
	at junit.framework.TestCase.runTest(TestCase.java:177)
	at junit.framework.TestCase.runBare(TestCase.java:142)
	at junit.framework.TestResult$1.protect(TestResult.java:122)
	at junit.framework.TestResult.runProtected(TestResult.java:142)
	at junit.framework.TestResult.run(TestResult.java:125)
	at junit.framework.TestCase.run(TestCase.java:130)
	at junit.framework.TestSuite.runTest(TestSuite.java:241)
	at junit.framework.TestSuite.run(TestSuite.java:236)
	at org.junit.internal.runners.JUnit38ClassRunner.run(JUnit38ClassRunner.java:90)
	at org.apache.maven.surefire.junit4.JUnit4Provider.execute(JUnit4Provider.java:316)
	at org.apache.maven.surefire.junit4.JUnit4Provider.executeWithRerun(JUnit4Provider.java:240)
	at org.apache.maven.surefire.junit4.JUnit4Provider.executeTestSet(JUnit4Provider.java:214)
	at org.apache.maven.surefire.junit4.JUnit4Provider.invoke(JUnit4Provider.java:155)
	at org.apache.maven.surefire.booter.ForkedBooter.runSuitesInProcess(ForkedBooter.java:385)
	at org.apache.maven.surefire.booter.ForkedBooter.execute(ForkedBooter.java:162)
	at org.apache.maven.surefire.booter.ForkedBooter.run(ForkedBooter.java:507)
	at org.apache.maven.surefire.booter.ForkedBooter.main(ForkedBooter.java:495)

edu.coursera.concurrent.ListSetTest.testReadWriteLocksRepeatingLarge -- Time elapsed: 400.3 s <<< FAILURE!
junit.framework.AssertionFailedError: Expected add throughput improvement to be at least 0.500000x with read-write locks, but found 0.432217x
	at junit.framework.Assert.fail(Assert.java:57)
	at junit.framework.Assert.assertTrue(Assert.java:22)
	at junit.framework.TestCase.assertTrue(TestCase.java:192)
	at edu.coursera.concurrent.ListSetTest.testReadWriteLocksHelper(ListSetTest.java:219)
	at edu.coursera.concurrent.ListSetTest.testReadWriteLocksRepeatingLarge(ListSetTest.java:117)
	at java.base/jdk.internal.reflect.DirectMethodHandleAccessor.invoke(DirectMethodHandleAccessor.java:104)
	at java.base/java.lang.reflect.Method.invoke(Method.java:565)
	at junit.framework.TestCase.runTest(TestCase.java:177)
	at junit.framework.TestCase.runBare(TestCase.java:142)
	at junit.framework.TestResult$1.protect(TestResult.java:122)
	at junit.framework.TestResult.runProtected(TestResult.java:142)
	at junit.framework.TestResult.run(TestResult.java:125)
	at junit.framework.TestCase.run(TestCase.java:130)
	at junit.framework.TestSuite.runTest(TestSuite.java:241)
	at junit.framework.TestSuite.run(TestSuite.java:236)
	at org.junit.internal.runners.JUnit38ClassRunner.run(JUnit38ClassRunner.java:90)
	at org.apache.maven.surefire.junit4.JUnit4Provider.execute(JUnit4Provider.java:316)
	at org.apache.maven.surefire.junit4.JUnit4Provider.executeWithRerun(JUnit4Provider.java:240)
	at org.apache.maven.surefire.junit4.JUnit4Provider.executeTestSet(JUnit4Provider.java:214)
	at org.apache.maven.surefire.junit4.JUnit4Provider.invoke(JUnit4Provider.java:155)
	at org.apache.maven.surefire.booter.ForkedBooter.runSuitesInProcess(ForkedBooter.java:385)
	at org.apache.maven.surefire.booter.ForkedBooter.execute(ForkedBooter.java:162)
	at org.apache.maven.surefire.booter.ForkedBooter.run(ForkedBooter.java:507)
	at org.apache.maven.surefire.booter.ForkedBooter.main(ForkedBooter.java:495)

edu.coursera.concurrent.ListSetTest.testReadWriteLocksRepeatingSmall -- Time elapsed: 261.7 s <<< FAILURE!
junit.framework.AssertionFailedError: Expected remove throughput improvement to be at least 0.400000x with read-write locks, but found 0.152286x
	at junit.framework.Assert.fail(Assert.java:57)
	at junit.framework.Assert.assertTrue(Assert.java:22)
	at junit.framework.TestCase.assertTrue(TestCase.java:192)
	at edu.coursera.concurrent.ListSetTest.testReadWriteLocksHelper(ListSetTest.java:229)
	at edu.coursera.concurrent.ListSetTest.testReadWriteLocksRepeatingSmall(ListSetTest.java:133)
	at java.base/jdk.internal.reflect.DirectMethodHandleAccessor.invoke(DirectMethodHandleAccessor.java:104)
	at java.base/java.lang.reflect.Method.invoke(Method.java:565)
	at junit.framework.TestCase.runTest(TestCase.java:177)
	at junit.framework.TestCase.runBare(TestCase.java:142)
	at junit.framework.TestResult$1.protect(TestResult.java:122)
	at junit.framework.TestResult.runProtected(TestResult.java:142)
	at junit.framework.TestResult.run(TestResult.java:125)
	at junit.framework.TestCase.run(TestCase.java:130)
	at junit.framework.TestSuite.runTest(TestSuite.java:241)
	at junit.framework.TestSuite.run(TestSuite.java:236)
	at org.junit.internal.runners.JUnit38ClassRunner.run(JUnit38ClassRunner.java:90)
	at org.apache.maven.surefire.junit4.JUnit4Provider.execute(JUnit4Provider.java:316)
	at org.apache.maven.surefire.junit4.JUnit4Provider.executeWithRerun(JUnit4Provider.java:240)
	at org.apache.maven.surefire.junit4.JUnit4Provider.executeTestSet(JUnit4Provider.java:214)
	at org.apache.maven.surefire.junit4.JUnit4Provider.invoke(JUnit4Provider.java:155)
	at org.apache.maven.surefire.booter.ForkedBooter.runSuitesInProcess(ForkedBooter.java:385)
	at org.apache.maven.surefire.booter.ForkedBooter.execute(ForkedBooter.java:162)
	at org.apache.maven.surefire.booter.ForkedBooter.run(ForkedBooter.java:507)
	at org.apache.maven.surefire.booter.ForkedBooter.main(ForkedBooter.java:495)

